Started GET "/" for 127.0.0.1 at 2019-02-11 13:57:16 +0900
Processing by MessagesController#index as HTML
  Rendering messages/index.html.haml within layouts/application
  Rendered messages/_left-group.html.haml (1.7ms)
  Rendered messages/_chat_content.html.haml (2.9ms)
  Rendered messages/index.html.haml within layouts/application (27.9ms)
Completed 200 OK in 927ms (Views: 917.8ms | ActiveRecord: 0.0ms)


Started GET "/" for 127.0.0.1 at 2019-02-11 14:15:11 +0900
Processing by MessagesController#index as HTML
  Rendering messages/index.html.haml within layouts/application
  Rendered messages/_left-group.html.haml (1.5ms)
  Rendered messages/_chat_content.html.haml (1.6ms)
  Rendered messages/index.html.haml within layouts/application (27.0ms)
Completed 200 OK in 895ms (Views: 883.1ms | ActiveRecord: 0.0ms)


Started GET "/" for 127.0.0.1 at 2019-02-11 14:15:30 +0900
Processing by MessagesController#index as HTML
  Rendering messages/index.html.haml within layouts/application
  Rendered messages/index.html.haml within layouts/application (5.7ms)
Completed 500 Internal Server Error in 13ms (ActiveRecord: 0.0ms)


  
SyntaxError (/Users/miuratomoaki/ChatSpace/app/views/messages/index.html.haml:26: syntax error, unexpected tSTRING_BEG, expecting ')'
...lout.attributes({}, nil,:type="file")).to_s);; _hamlout.buff...
...                              ^
/Users/miuratomoaki/ChatSpace/app/views/messages/index.html.haml:26: syntax error, unexpected ')', expecting keyword_end
...es({}, nil,:type="file")).to_s);; _hamlout.buffer << (">\n<i...
...                              ^):
  
app/views/messages/index.html.haml:26: syntax error, unexpected tSTRING_BEG, expecting ')'
app/views/messages/index.html.haml:26: syntax error, unexpected ')', expecting keyword_end
  Rendering /Users/miuratomoaki/.rbenv/versions/2.5.1/lib/ruby/gems/2.5.0/gems/actionpack-5.0.7.1/lib/action_dispatch/middleware/templates/rescues/diagnostics.html.erb within rescues/layout
  Rendering /Users/miuratomoaki/.rbenv/versions/2.5.1/lib/ruby/gems/2.5.0/gems/actionpack-5.0.7.1/lib/action_dispatch/middleware/templates/rescues/_source.html.erb
  Rendered /Users/miuratomoaki/.rbenv/versions/2.5.1/lib/ruby/gems/2.5.0/gems/actionpack-5.0.7.1/lib/action_dispatch/middleware/templates/rescues/_source.html.erb (3.2ms)
  Rendering /Users/miuratomoaki/.rbenv/versions/2.5.1/lib/ruby/gems/2.5.0/gems/actionpack-5.0.7.1/lib/action_dispatch/middleware/templates/rescues/_trace.html.erb
  Rendered /Users/miuratomoaki/.rbenv/versions/2.5.1/lib/ruby/gems/2.5.0/gems/actionpack-5.0.7.1/lib/action_dispatch/middleware/templates/rescues/_trace.html.erb (1.9ms)
  Rendering /Users/miuratomoaki/.rbenv/versions/2.5.1/lib/ruby/gems/2.5.0/gems/actionpack-5.0.7.1/lib/action_dispatch/middleware/templates/rescues/_request_and_response.html.erb
  Rendered /Users/miuratomoaki/.rbenv/versions/2.5.1/lib/ruby/gems/2.5.0/gems/actionpack-5.0.7.1/lib/action_dispatch/middleware/templates/rescues/_request_and_response.html.erb (0.8ms)
  Rendered /Users/miuratomoaki/.rbenv/versions/2.5.1/lib/ruby/gems/2.5.0/gems/actionpack-5.0.7.1/lib/action_dispatch/middleware/templates/rescues/diagnostics.html.erb within rescues/layout (117.5ms)
Started GET "/" for 127.0.0.1 at 2019-02-11 14:15:42 +0900
Processing by MessagesController#index as HTML
  Rendering messages/index.html.haml within layouts/application
  Rendered messages/_left-group.html.haml (2.1ms)
  Rendered messages/_chat_content.html.haml (1.9ms)
  Rendered messages/index.html.haml within layouts/application (17.4ms)
Completed 200 OK in 41ms (Views: 38.5ms | ActiveRecord: 0.0ms)


Started GET "/" for 127.0.0.1 at 2019-02-11 14:16:14 +0900
Processing by MessagesController#index as HTML
  Rendering messages/index.html.haml within layouts/application
  Rendered messages/_left-group.html.haml (1.9ms)
  Rendered messages/_chat_content.html.haml (2.2ms)
  Rendered messages/index.html.haml within layouts/application (16.1ms)
Completed 200 OK in 38ms (Views: 35.1ms | ActiveRecord: 0.0ms)


Started GET "/" for 127.0.0.1 at 2019-02-11 14:16:16 +0900
Processing by MessagesController#index as HTML
  Rendering messages/index.html.haml within layouts/application
  Rendered messages/_left-group.html.haml (1.4ms)
  Rendered messages/_chat_content.html.haml (1.8ms)
  Rendered messages/index.html.haml within layouts/application (12.8ms)
Completed 200 OK in 35ms (Views: 32.8ms | ActiveRecord: 0.0ms)


Started GET "/" for 127.0.0.1 at 2019-02-11 14:17:58 +0900
Processing by MessagesController#index as HTML
  Rendering messages/index.html.haml within layouts/application
  Rendered messages/_left-group.html.haml (1.6ms)
  Rendered messages/_chat_content.html.haml (2.0ms)
  Rendered messages/index.html.haml within layouts/application (14.1ms)
Completed 200 OK in 39ms (Views: 37.3ms | ActiveRecord: 0.0ms)


Started GET "/" for 127.0.0.1 at 2019-02-11 14:17:59 +0900
Processing by MessagesController#index as HTML
  Rendering messages/index.html.haml within layouts/application
  Rendered messages/_left-group.html.haml (2.2ms)
  Rendered messages/_chat_content.html.haml (1.8ms)
  Rendered messages/index.html.haml within layouts/application (13.0ms)
Completed 200 OK in 35ms (Views: 31.9ms | ActiveRecord: 0.0ms)


Started GET "/" for 127.0.0.1 at 2019-02-11 14:18:00 +0900
Processing by MessagesController#index as HTML
  Rendering messages/index.html.haml within layouts/application
  Rendered messages/_left-group.html.haml (2.7ms)
  Rendered messages/_chat_content.html.haml (2.1ms)
  Rendered messages/index.html.haml within layouts/application (15.5ms)
Completed 200 OK in 40ms (Views: 37.9ms | ActiveRecord: 0.0ms)


Started GET "/" for 127.0.0.1 at 2019-02-11 14:18:57 +0900
Processing by MessagesController#index as HTML
  Rendering messages/index.html.haml within layouts/application
  Rendered messages/_left-group.html.haml (2.0ms)
  Rendered messages/_chat_content.html.haml (2.2ms)
  Rendered messages/index.html.haml within layouts/application (13.5ms)
Completed 200 OK in 38ms (Views: 35.9ms | ActiveRecord: 0.0ms)


Started GET "/" for 127.0.0.1 at 2019-02-11 14:19:15 +0900
Processing by MessagesController#index as HTML
  Rendering messages/index.html.haml within layouts/application
  Rendered messages/_left-group.html.haml (2.1ms)
  Rendered messages/_chat_content.html.haml (1.6ms)
  Rendered messages/index.html.haml within layouts/application (23.7ms)
Completed 200 OK in 44ms (Views: 41.9ms | ActiveRecord: 0.0ms)


Started GET "/" for 127.0.0.1 at 2019-02-11 14:19:39 +0900
Processing by MessagesController#index as HTML
  Rendering messages/index.html.haml within layouts/application
  Rendered messages/_left-group.html.haml (1.6ms)
  Rendered messages/_chat_content.html.haml (2.3ms)
  Rendered messages/index.html.haml within layouts/application (12.9ms)
Completed 200 OK in 34ms (Views: 30.8ms | ActiveRecord: 0.0ms)


Started GET "/" for 127.0.0.1 at 2019-02-11 14:22:35 +0900
Processing by MessagesController#index as HTML
  Rendering messages/index.html.haml within layouts/application
  Rendered messages/_left-group.html.haml (1.5ms)
  Rendered messages/_chat_content.html.haml (1.5ms)
  Rendered messages/index.html.haml within layouts/application (13.4ms)
Completed 200 OK in 276ms (Views: 273.7ms | ActiveRecord: 0.0ms)


Started GET "/" for 127.0.0.1 at 2019-02-11 14:22:37 +0900
Processing by MessagesController#index as HTML
  Rendering messages/index.html.haml within layouts/application
  Rendered messages/_left-group.html.haml (1.4ms)
  Rendered messages/_chat_content.html.haml (1.5ms)
  Rendered messages/index.html.haml within layouts/application (12.6ms)
Completed 200 OK in 31ms (Views: 28.6ms | ActiveRecord: 0.0ms)


Started GET "/" for 127.0.0.1 at 2019-02-11 14:23:03 +0900
Processing by MessagesController#index as HTML
  Rendering messages/index.html.haml within layouts/application
  Rendered messages/_left-group.html.haml (1.6ms)
  Rendered messages/_chat_content.html.haml (1.6ms)
  Rendered messages/index.html.haml within layouts/application (12.1ms)
Completed 200 OK in 33ms (Views: 30.2ms | ActiveRecord: 0.0ms)


Started GET "/" for 127.0.0.1 at 2019-02-11 14:23:28 +0900
Processing by MessagesController#index as HTML
  Rendering messages/index.html.haml within layouts/application
  Rendered messages/_left-group.html.haml (1.7ms)
  Rendered messages/_chat_content.html.haml (2.8ms)
  Rendered messages/index.html.haml within layouts/application (13.0ms)
Completed 200 OK in 33ms (Views: 31.1ms | ActiveRecord: 0.0ms)


Started GET "/" for 127.0.0.1 at 2019-02-11 14:23:31 +0900
Processing by MessagesController#index as HTML
  Rendering messages/index.html.haml within layouts/application
  Rendered messages/_left-group.html.haml (1.8ms)
  Rendered messages/_chat_content.html.haml (1.7ms)
  Rendered messages/index.html.haml within layouts/application (15.1ms)
Completed 200 OK in 41ms (Views: 38.3ms | ActiveRecord: 0.0ms)


Started GET "/" for 127.0.0.1 at 2019-02-11 14:23:39 +0900
Processing by MessagesController#index as HTML
  Rendering messages/index.html.haml within layouts/application
  Rendered messages/_left-group.html.haml (2.6ms)
  Rendered messages/_chat_content.html.haml (2.1ms)
  Rendered messages/index.html.haml within layouts/application (14.6ms)
Completed 200 OK in 40ms (Views: 36.1ms | ActiveRecord: 0.0ms)


Started GET "/" for 127.0.0.1 at 2019-02-11 14:24:28 +0900
Processing by MessagesController#index as HTML
  Rendering messages/index.html.haml within layouts/application
  Rendered messages/_left-group.html.haml (1.7ms)
  Rendered messages/_chat_content.html.haml (1.5ms)
  Rendered messages/index.html.haml within layouts/application (11.8ms)
Completed 200 OK in 269ms (Views: 266.2ms | ActiveRecord: 0.0ms)


Started GET "/" for 127.0.0.1 at 2019-02-11 14:24:31 +0900
Processing by MessagesController#index as HTML
  Rendering messages/index.html.haml within layouts/application
  Rendered messages/_left-group.html.haml (2.9ms)
  Rendered messages/_chat_content.html.haml (1.7ms)
  Rendered messages/index.html.haml within layouts/application (14.4ms)
Completed 200 OK in 33ms (Views: 30.6ms | ActiveRecord: 0.0ms)


Started GET "/" for 127.0.0.1 at 2019-02-11 14:49:22 +0900
Processing by MessagesController#index as HTML
  Rendering messages/index.html.haml within layouts/application
  Rendered messages/_left-group.html.haml (1.7ms)
  Rendered messages/_chat_content.html.haml (1.6ms)
  Rendered messages/index.html.haml within layouts/application (21.7ms)
Completed 200 OK in 957ms (Views: 945.2ms | ActiveRecord: 0.0ms)


Started GET "/" for 127.0.0.1 at 2019-02-11 14:59:27 +0900
Processing by MessagesController#index as HTML
  Rendering messages/index.html.haml within layouts/application
  Rendered messages/_left-group.html.haml (1.7ms)
  Rendered messages/_chat_content.html.haml (1.6ms)
  Rendered messages/index.html.haml within layouts/application (22.6ms)
Completed 200 OK in 491ms (Views: 480.1ms | ActiveRecord: 0.0ms)


Started GET "/" for 127.0.0.1 at 2019-02-11 15:00:41 +0900
Processing by MessagesController#index as HTML
  Rendering messages/index.html.haml within layouts/application
  Rendered messages/_left-group.html.haml (2.4ms)
  Rendered messages/_chat_content.html.haml (2.5ms)
  Rendered messages/index.html.haml within layouts/application (13.8ms)
Completed 200 OK in 285ms (Views: 282.0ms | ActiveRecord: 0.0ms)


Started GET "/" for 127.0.0.1 at 2019-02-11 15:00:56 +0900
Processing by MessagesController#index as HTML
  Rendering messages/index.html.haml within layouts/application
  Rendered messages/_left-group.html.haml (2.5ms)
  Rendered messages/_chat_content.html.haml (1.5ms)
  Rendered messages/index.html.haml within layouts/application (15.1ms)
Completed 200 OK in 269ms (Views: 267.3ms | ActiveRecord: 0.0ms)


Started GET "/" for 127.0.0.1 at 2019-02-11 15:00:57 +0900
Processing by MessagesController#index as HTML
  Rendering messages/index.html.haml within layouts/application
  Rendered messages/_left-group.html.haml (1.5ms)
  Rendered messages/_chat_content.html.haml (1.8ms)
  Rendered messages/index.html.haml within layouts/application (11.5ms)
Completed 200 OK in 34ms (Views: 31.8ms | ActiveRecord: 0.0ms)


Started GET "/" for 127.0.0.1 at 2019-02-11 15:02:01 +0900
Processing by MessagesController#index as HTML
  Rendering messages/index.html.haml within layouts/application
  Rendered messages/_left-group.html.haml (2.0ms)
  Rendered messages/_chat_content.html.haml (2.5ms)
  Rendered messages/index.html.haml within layouts/application (13.9ms)
Completed 200 OK in 271ms (Views: 268.3ms | ActiveRecord: 0.0ms)


Started GET "/" for 127.0.0.1 at 2019-02-11 15:02:08 +0900
Processing by MessagesController#index as HTML
  Rendering messages/index.html.haml within layouts/application
  Rendered messages/_left-group.html.haml (1.4ms)
  Rendered messages/_chat_content.html.haml (1.3ms)
  Rendered messages/index.html.haml within layouts/application (10.3ms)
Completed 200 OK in 33ms (Views: 30.8ms | ActiveRecord: 0.0ms)


Started GET "/" for 127.0.0.1 at 2019-02-11 15:02:55 +0900
Processing by MessagesController#index as HTML
  Rendering messages/index.html.haml within layouts/application
  Rendered messages/_left-group.html.haml (1.3ms)
  Rendered messages/_chat_content.html.haml (2.9ms)
  Rendered messages/index.html.haml within layouts/application (14.1ms)
Completed 200 OK in 274ms (Views: 271.8ms | ActiveRecord: 0.0ms)


Started GET "/" for 127.0.0.1 at 2019-02-11 15:02:58 +0900
Processing by MessagesController#index as HTML
  Rendering messages/index.html.haml within layouts/application
  Rendered messages/_left-group.html.haml (1.7ms)
  Rendered messages/_chat_content.html.haml (1.5ms)
  Rendered messages/index.html.haml within layouts/application (11.5ms)
Completed 200 OK in 33ms (Views: 30.7ms | ActiveRecord: 0.0ms)


Started GET "/" for 127.0.0.1 at 2019-02-11 15:03:01 +0900
Processing by MessagesController#index as HTML
  Rendering messages/index.html.haml within layouts/application
  Rendered messages/_left-group.html.haml (2.7ms)
  Rendered messages/_chat_content.html.haml (1.9ms)
  Rendered messages/index.html.haml within layouts/application (18.1ms)
Completed 200 OK in 45ms (Views: 42.6ms | ActiveRecord: 0.0ms)


Started GET "/" for 127.0.0.1 at 2019-02-11 15:03:46 +0900
Processing by MessagesController#index as HTML
  Rendering messages/index.html.haml within layouts/application
  Rendered messages/_left-group.html.haml (2.9ms)
  Rendered messages/_chat_content.html.haml (1.8ms)
  Rendered messages/index.html.haml within layouts/application (14.2ms)
Completed 200 OK in 273ms (Views: 271.5ms | ActiveRecord: 0.0ms)


Started GET "/" for 127.0.0.1 at 2019-02-11 15:03:46 +0900
Processing by MessagesController#index as HTML
  Rendering messages/index.html.haml within layouts/application
  Rendered messages/_left-group.html.haml (1.7ms)
  Rendered messages/_chat_content.html.haml (1.5ms)
  Rendered messages/index.html.haml within layouts/application (11.3ms)
Completed 200 OK in 32ms (Views: 29.9ms | ActiveRecord: 0.0ms)


Started GET "/" for 127.0.0.1 at 2019-02-11 15:03:52 +0900
Processing by MessagesController#index as HTML
  Rendering messages/index.html.haml within layouts/application
  Rendered messages/_left-group.html.haml (1.5ms)
  Rendered messages/_chat_content.html.haml (1.4ms)
  Rendered messages/index.html.haml within layouts/application (11.1ms)
Completed 200 OK in 36ms (Views: 33.0ms | ActiveRecord: 0.0ms)


Started GET "/" for 127.0.0.1 at 2019-02-11 15:03:53 +0900
Processing by MessagesController#index as HTML
  Rendering messages/index.html.haml within layouts/application
  Rendered messages/_left-group.html.haml (1.4ms)
  Rendered messages/_chat_content.html.haml (2.3ms)
  Rendered messages/index.html.haml within layouts/application (12.7ms)
Completed 200 OK in 33ms (Views: 31.1ms | ActiveRecord: 0.0ms)


Started GET "/" for 127.0.0.1 at 2019-02-11 15:05:25 +0900
Processing by MessagesController#index as HTML
  Rendering messages/index.html.haml within layouts/application
  Rendered messages/_left-group.html.haml (1.4ms)
  Rendered messages/_chat_content.html.haml (1.3ms)
  Rendered messages/index.html.haml within layouts/application (12.6ms)
Completed 500 Internal Server Error in 132ms (ActiveRecord: 0.0ms)


  
ActionView::Template::Error (Invalid CSS after "  }": expected selector or at-rule, was "}"):
    4:     %meta{:content => "text/html; charset=UTF-8", "http-equiv" => "Content-Type"}/
    5:     %title ChatSpace
    6:     = csrf_meta_tags
    7:     = stylesheet_link_tag    'application', media: 'all', 'data-turbolinks-track': 'reload'
    8:     = javascript_include_tag 'application', 'data-turbolinks-track': 'reload'
    9: 
   10:   %body
  
app/assets/stylesheets/messages.scss:178
app/assets/stylesheets/application.scss:4
app/views/layouts/application.html.haml:7:in `_app_views_layouts_application_html_haml__759306056578929519_70302879158300'
  Rendering /Users/miuratomoaki/.rbenv/versions/2.5.1/lib/ruby/gems/2.5.0/gems/actionpack-5.0.7.1/lib/action_dispatch/middleware/templates/rescues/template_error.html.erb within rescues/layout
  Rendering /Users/miuratomoaki/.rbenv/versions/2.5.1/lib/ruby/gems/2.5.0/gems/actionpack-5.0.7.1/lib/action_dispatch/middleware/templates/rescues/_source.html.erb
  Rendered /Users/miuratomoaki/.rbenv/versions/2.5.1/lib/ruby/gems/2.5.0/gems/actionpack-5.0.7.1/lib/action_dispatch/middleware/templates/rescues/_source.html.erb (4.2ms)
  Rendering /Users/miuratomoaki/.rbenv/versions/2.5.1/lib/ruby/gems/2.5.0/gems/actionpack-5.0.7.1/lib/action_dispatch/middleware/templates/rescues/_trace.html.erb
  Rendered /Users/miuratomoaki/.rbenv/versions/2.5.1/lib/ruby/gems/2.5.0/gems/actionpack-5.0.7.1/lib/action_dispatch/middleware/templates/rescues/_trace.html.erb (1.8ms)
  Rendering /Users/miuratomoaki/.rbenv/versions/2.5.1/lib/ruby/gems/2.5.0/gems/actionpack-5.0.7.1/lib/action_dispatch/middleware/templates/rescues/_request_and_response.html.erb
  Rendered /Users/miuratomoaki/.rbenv/versions/2.5.1/lib/ruby/gems/2.5.0/gems/actionpack-5.0.7.1/lib/action_dispatch/middleware/templates/rescues/_request_and_response.html.erb (0.7ms)
  Rendered /Users/miuratomoaki/.rbenv/versions/2.5.1/lib/ruby/gems/2.5.0/gems/actionpack-5.0.7.1/lib/action_dispatch/middleware/templates/rescues/template_error.html.erb within rescues/layout (121.1ms)
Started GET "/" for 127.0.0.1 at 2019-02-11 15:06:24 +0900
Processing by MessagesController#index as HTML
  Rendering messages/index.html.haml within layouts/application
  Rendered messages/_left-group.html.haml (1.4ms)
  Rendered messages/_chat_content.html.haml (2.0ms)
  Rendered messages/index.html.haml within layouts/application (12.7ms)
Completed 200 OK in 272ms (Views: 269.7ms | ActiveRecord: 0.0ms)


Started GET "/" for 127.0.0.1 at 2019-02-11 15:06:48 +0900
Processing by MessagesController#index as HTML
  Rendering messages/index.html.haml within layouts/application
  Rendered messages/_left-group.html.haml (1.7ms)
  Rendered messages/_chat_content.html.haml (1.6ms)
  Rendered messages/index.html.haml within layouts/application (13.0ms)
Completed 200 OK in 269ms (Views: 267.1ms | ActiveRecord: 0.0ms)


Started GET "/" for 127.0.0.1 at 2019-02-11 15:07:18 +0900
Processing by MessagesController#index as HTML
  Rendering messages/index.html.haml within layouts/application
  Rendered messages/_left-group.html.haml (2.0ms)
  Rendered messages/_chat_content.html.haml (1.7ms)
  Rendered messages/index.html.haml within layouts/application (11.5ms)
Completed 200 OK in 271ms (Views: 269.2ms | ActiveRecord: 0.0ms)


Started GET "/" for 127.0.0.1 at 2019-02-11 15:07:19 +0900
Processing by MessagesController#index as HTML
  Rendering messages/index.html.haml within layouts/application
  Rendered messages/_left-group.html.haml (1.4ms)
  Rendered messages/_chat_content.html.haml (1.5ms)
  Rendered messages/index.html.haml within layouts/application (10.8ms)
Completed 200 OK in 33ms (Views: 30.6ms | ActiveRecord: 0.0ms)


Started GET "/" for 127.0.0.1 at 2019-02-11 15:07:33 +0900
Processing by MessagesController#index as HTML
  Rendering messages/index.html.haml within layouts/application
  Rendered messages/_left-group.html.haml (1.5ms)
  Rendered messages/_chat_content.html.haml (2.3ms)
  Rendered messages/index.html.haml within layouts/application (12.9ms)
Completed 200 OK in 36ms (Views: 33.1ms | ActiveRecord: 0.0ms)


Started GET "/" for 127.0.0.1 at 2019-02-11 15:08:16 +0900
Processing by MessagesController#index as HTML
  Rendering messages/index.html.haml within layouts/application
  Rendered messages/_left-group.html.haml (2.6ms)
  Rendered messages/_chat_content.html.haml (1.6ms)
  Rendered messages/index.html.haml within layouts/application (14.7ms)
Completed 200 OK in 41ms (Views: 37.7ms | ActiveRecord: 0.0ms)


Started GET "/" for 127.0.0.1 at 2019-02-11 15:09:45 +0900
Processing by MessagesController#index as HTML
  Rendering messages/index.html.haml within layouts/application
  Rendered messages/_left-group.html.haml (6.2ms)
  Rendered messages/_chat_content.html.haml (1.8ms)
  Rendered messages/index.html.haml within layouts/application (18.9ms)
Completed 200 OK in 293ms (Views: 291.2ms | ActiveRecord: 0.0ms)


Started GET "/" for 127.0.0.1 at 2019-02-11 15:10:49 +0900
Processing by MessagesController#index as HTML
  Rendering messages/index.html.haml within layouts/application
  Rendered messages/_left-group.html.haml (1.5ms)
  Rendered messages/_chat_content.html.haml (1.4ms)
  Rendered messages/index.html.haml within layouts/application (13.3ms)
Completed 200 OK in 281ms (Views: 279.2ms | ActiveRecord: 0.0ms)


Started GET "/" for 127.0.0.1 at 2019-02-11 15:11:05 +0900
Processing by MessagesController#index as HTML
  Rendering messages/index.html.haml within layouts/application
  Rendered messages/_left-group.html.haml (1.5ms)
  Rendered messages/_chat_content.html.haml (1.4ms)
  Rendered messages/index.html.haml within layouts/application (10.6ms)
Completed 200 OK in 268ms (Views: 265.8ms | ActiveRecord: 0.0ms)


Started GET "/" for 127.0.0.1 at 2019-02-11 15:11:22 +0900
Processing by MessagesController#index as HTML
  Rendering messages/index.html.haml within layouts/application
  Rendered messages/_left-group.html.haml (1.6ms)
  Rendered messages/_chat_content.html.haml (1.3ms)
  Rendered messages/index.html.haml within layouts/application (10.9ms)
Completed 200 OK in 327ms (Views: 324.8ms | ActiveRecord: 0.0ms)


Started GET "/" for 127.0.0.1 at 2019-02-11 15:11:35 +0900
Processing by MessagesController#index as HTML
  Rendering messages/index.html.haml within layouts/application
  Rendered messages/_left-group.html.haml (2.4ms)
  Rendered messages/_chat_content.html.haml (1.5ms)
  Rendered messages/index.html.haml within layouts/application (12.9ms)
Completed 200 OK in 37ms (Views: 34.5ms | ActiveRecord: 0.0ms)


Started GET "/" for 127.0.0.1 at 2019-02-11 15:13:27 +0900
Processing by MessagesController#index as HTML
  Rendering messages/index.html.haml within layouts/application
  Rendered messages/_left-group.html.haml (2.0ms)
  Rendered messages/_chat_content.html.haml (2.6ms)
  Rendered messages/index.html.haml within layouts/application (14.7ms)
Completed 200 OK in 58ms (Views: 55.8ms | ActiveRecord: 0.0ms)


Started GET "/" for 127.0.0.1 at 2019-02-11 15:13:31 +0900
Processing by MessagesController#index as HTML
  Rendering messages/index.html.haml within layouts/application
  Rendered messages/_left-group.html.haml (1.8ms)
  Rendered messages/_chat_content.html.haml (1.9ms)
  Rendered messages/index.html.haml within layouts/application (14.6ms)
Completed 200 OK in 42ms (Views: 39.8ms | ActiveRecord: 0.0ms)


Started GET "/" for 127.0.0.1 at 2019-02-11 15:13:42 +0900
Processing by MessagesController#index as HTML
  Rendering messages/index.html.haml within layouts/application
  Rendered messages/_left-group.html.haml (1.3ms)
  Rendered messages/_chat_content.html.haml (1.7ms)
  Rendered messages/index.html.haml within layouts/application (11.5ms)
Completed 200 OK in 35ms (Views: 33.4ms | ActiveRecord: 0.0ms)


Started GET "/" for 127.0.0.1 at 2019-02-11 15:14:16 +0900
Processing by MessagesController#index as HTML
  Rendering messages/index.html.haml within layouts/application
  Rendered messages/_left-group.html.haml (1.8ms)
  Rendered messages/_chat_content.html.haml (1.5ms)
  Rendered messages/index.html.haml within layouts/application (13.6ms)
Completed 200 OK in 36ms (Views: 33.8ms | ActiveRecord: 0.0ms)


Started GET "/" for 127.0.0.1 at 2019-02-11 15:14:17 +0900
Processing by MessagesController#index as HTML
  Rendering messages/index.html.haml within layouts/application
  Rendered messages/_left-group.html.haml (1.4ms)
  Rendered messages/_chat_content.html.haml (1.5ms)
  Rendered messages/index.html.haml within layouts/application (12.8ms)
Completed 200 OK in 38ms (Views: 35.5ms | ActiveRecord: 0.0ms)


Started GET "/" for 127.0.0.1 at 2019-02-11 15:15:54 +0900
Processing by MessagesController#index as HTML
  Rendering messages/index.html.haml within layouts/application
  Rendered messages/_left-group.html.haml (2.2ms)
  Rendered messages/_chat_content.html.haml (1.6ms)
  Rendered messages/index.html.haml within layouts/application (14.1ms)
Completed 200 OK in 48ms (Views: 45.3ms | ActiveRecord: 0.0ms)


Started GET "/" for 127.0.0.1 at 2019-02-11 15:16:57 +0900
Processing by MessagesController#index as HTML
  Rendering messages/index.html.haml within layouts/application
  Rendered messages/_left-group.html.haml (2.0ms)
  Rendered messages/_chat_content.html.haml (1.7ms)
  Rendered messages/index.html.haml within layouts/application (13.7ms)
Completed 200 OK in 304ms (Views: 302.0ms | ActiveRecord: 0.0ms)


Started GET "/" for 127.0.0.1 at 2019-02-11 15:16:59 +0900
Processing by MessagesController#index as HTML
  Rendering messages/index.html.haml within layouts/application
  Rendered messages/_left-group.html.haml (1.3ms)
  Rendered messages/_chat_content.html.haml (1.7ms)
  Rendered messages/index.html.haml within layouts/application (11.1ms)
Completed 200 OK in 33ms (Views: 30.4ms | ActiveRecord: 0.0ms)


Started GET "/" for 127.0.0.1 at 2019-02-11 15:17:15 +0900
Processing by MessagesController#index as HTML
  Rendering messages/index.html.haml within layouts/application
  Rendered messages/_left-group.html.haml (1.7ms)
  Rendered messages/_chat_content.html.haml (1.5ms)
  Rendered messages/index.html.haml within layouts/application (11.3ms)
Completed 200 OK in 270ms (Views: 267.7ms | ActiveRecord: 0.0ms)


Started GET "/" for 127.0.0.1 at 2019-02-11 15:17:44 +0900
Processing by MessagesController#index as HTML
  Rendering messages/index.html.haml within layouts/application
  Rendered messages/_left-group.html.haml (1.5ms)
  Rendered messages/_chat_content.html.haml (1.5ms)
  Rendered messages/index.html.haml within layouts/application (14.3ms)
Completed 200 OK in 291ms (Views: 288.5ms | ActiveRecord: 0.0ms)


Started GET "/" for 127.0.0.1 at 2019-02-11 15:18:02 +0900
Processing by MessagesController#index as HTML
  Rendering messages/index.html.haml within layouts/application
  Rendered messages/_left-group.html.haml (1.7ms)
  Rendered messages/_chat_content.html.haml (1.5ms)
  Rendered messages/index.html.haml within layouts/application (11.0ms)
Completed 200 OK in 33ms (Views: 30.8ms | ActiveRecord: 0.0ms)


Started GET "/" for 127.0.0.1 at 2019-02-11 15:18:39 +0900
Processing by MessagesController#index as HTML
  Rendering messages/index.html.haml within layouts/application
  Rendered messages/_left-group.html.haml (1.4ms)
  Rendered messages/_chat_content.html.haml (3.0ms)
  Rendered messages/index.html.haml within layouts/application (13.8ms)
Completed 200 OK in 36ms (Views: 33.6ms | ActiveRecord: 0.0ms)


Started GET "/" for 127.0.0.1 at 2019-02-11 15:18:53 +0900
Processing by MessagesController#index as HTML
  Rendering messages/index.html.haml within layouts/application
  Rendered messages/_left-group.html.haml (1.3ms)
  Rendered messages/_chat_content.html.haml (1.4ms)
  Rendered messages/index.html.haml within layouts/application (10.4ms)
Completed 200 OK in 280ms (Views: 276.9ms | ActiveRecord: 0.0ms)


Started GET "/" for 127.0.0.1 at 2019-02-11 15:18:58 +0900
Processing by MessagesController#index as HTML
  Rendering messages/index.html.haml within layouts/application
  Rendered messages/_left-group.html.haml (1.9ms)
  Rendered messages/_chat_content.html.haml (1.6ms)
  Rendered messages/index.html.haml within layouts/application (14.4ms)
Completed 200 OK in 37ms (Views: 34.4ms | ActiveRecord: 0.0ms)


Started GET "/" for 127.0.0.1 at 2019-02-11 15:19:12 +0900
Processing by MessagesController#index as HTML
  Rendering messages/index.html.haml within layouts/application
  Rendered messages/_left-group.html.haml (2.0ms)
  Rendered messages/_chat_content.html.haml (1.5ms)
  Rendered messages/index.html.haml within layouts/application (11.6ms)
Completed 500 Internal Server Error in 137ms (ActiveRecord: 0.0ms)


  
ActionView::Template::Error (Invalid CSS after "}": expected "}", was ""):
    4:     %meta{:content => "text/html; charset=UTF-8", "http-equiv" => "Content-Type"}/
    5:     %title ChatSpace
    6:     = csrf_meta_tags
    7:     = stylesheet_link_tag    'application', media: 'all', 'data-turbolinks-track': 'reload'
    8:     = javascript_include_tag 'application', 'data-turbolinks-track': 'reload'
    9: 
   10:   %body
  
app/assets/stylesheets/messages.scss:185
app/assets/stylesheets/application.scss:4
app/views/layouts/application.html.haml:7:in `_app_views_layouts_application_html_haml__759306056578929519_70302868898740'
  Rendering /Users/miuratomoaki/.rbenv/versions/2.5.1/lib/ruby/gems/2.5.0/gems/actionpack-5.0.7.1/lib/action_dispatch/middleware/templates/rescues/template_error.html.erb within rescues/layout
  Rendering /Users/miuratomoaki/.rbenv/versions/2.5.1/lib/ruby/gems/2.5.0/gems/actionpack-5.0.7.1/lib/action_dispatch/middleware/templates/rescues/_source.html.erb
  Rendered /Users/miuratomoaki/.rbenv/versions/2.5.1/lib/ruby/gems/2.5.0/gems/actionpack-5.0.7.1/lib/action_dispatch/middleware/templates/rescues/_source.html.erb (4.9ms)
  Rendering /Users/miuratomoaki/.rbenv/versions/2.5.1/lib/ruby/gems/2.5.0/gems/actionpack-5.0.7.1/lib/action_dispatch/middleware/templates/rescues/_trace.html.erb
  Rendered /Users/miuratomoaki/.rbenv/versions/2.5.1/lib/ruby/gems/2.5.0/gems/actionpack-5.0.7.1/lib/action_dispatch/middleware/templates/rescues/_trace.html.erb (2.0ms)
  Rendering /Users/miuratomoaki/.rbenv/versions/2.5.1/lib/ruby/gems/2.5.0/gems/actionpack-5.0.7.1/lib/action_dispatch/middleware/templates/rescues/_request_and_response.html.erb
  Rendered /Users/miuratomoaki/.rbenv/versions/2.5.1/lib/ruby/gems/2.5.0/gems/actionpack-5.0.7.1/lib/action_dispatch/middleware/templates/rescues/_request_and_response.html.erb (0.7ms)
  Rendered /Users/miuratomoaki/.rbenv/versions/2.5.1/lib/ruby/gems/2.5.0/gems/actionpack-5.0.7.1/lib/action_dispatch/middleware/templates/rescues/template_error.html.erb within rescues/layout (113.1ms)
Started GET "/" for 127.0.0.1 at 2019-02-11 15:19:25 +0900
Processing by MessagesController#index as HTML
  Rendering messages/index.html.haml within layouts/application
  Rendered messages/_left-group.html.haml (1.7ms)
  Rendered messages/_chat_content.html.haml (1.6ms)
  Rendered messages/index.html.haml within layouts/application (15.7ms)
Completed 200 OK in 42ms (Views: 39.5ms | ActiveRecord: 0.0ms)


Started GET "/" for 127.0.0.1 at 2019-02-11 15:23:47 +0900
Processing by MessagesController#index as HTML
  Rendering messages/index.html.haml within layouts/application
  Rendered messages/_left-group.html.haml (1.6ms)
  Rendered messages/_chat_content.html.haml (1.8ms)
  Rendered messages/index.html.haml within layouts/application (24.3ms)
Completed 200 OK in 936ms (Views: 926.2ms | ActiveRecord: 0.0ms)


Started GET "/" for 127.0.0.1 at 2019-02-11 15:24:02 +0900
Processing by MessagesController#index as HTML
  Rendering messages/index.html.haml within layouts/application
  Rendered messages/_left-group.html.haml (1.4ms)
  Rendered messages/_chat_content.html.haml (1.7ms)
  Rendered messages/index.html.haml within layouts/application (12.1ms)
Completed 200 OK in 37ms (Views: 34.5ms | ActiveRecord: 0.0ms)


Started GET "/" for 127.0.0.1 at 2019-02-11 15:25:50 +0900
Processing by MessagesController#index as HTML
  Rendering messages/index.html.haml within layouts/application
  Rendered messages/_left-group.html.haml (1.6ms)
  Rendered messages/_chat_content.html.haml (1.6ms)
  Rendered messages/index.html.haml within layouts/application (11.4ms)
Completed 200 OK in 291ms (Views: 288.0ms | ActiveRecord: 0.0ms)


Started GET "/" for 127.0.0.1 at 2019-02-11 15:25:56 +0900
Processing by MessagesController#index as HTML
  Rendering messages/index.html.haml within layouts/application
  Rendered messages/_left-group.html.haml (2.0ms)
  Rendered messages/_chat_content.html.haml (1.5ms)
  Rendered messages/index.html.haml within layouts/application (14.3ms)
Completed 200 OK in 36ms (Views: 33.6ms | ActiveRecord: 0.0ms)


Started GET "/" for 127.0.0.1 at 2019-02-11 15:26:01 +0900
Processing by MessagesController#index as HTML
  Rendering messages/index.html.haml within layouts/application
  Rendered messages/_left-group.html.haml (1.3ms)
  Rendered messages/_chat_content.html.haml (1.8ms)
  Rendered messages/index.html.haml within layouts/application (10.9ms)
Completed 200 OK in 35ms (Views: 32.3ms | ActiveRecord: 0.0ms)


Started GET "/" for 127.0.0.1 at 2019-02-11 15:26:19 +0900
Processing by MessagesController#index as HTML
  Rendering messages/index.html.haml within layouts/application
  Rendered messages/_left-group.html.haml (1.3ms)
  Rendered messages/_chat_content.html.haml (1.9ms)
  Rendered messages/index.html.haml within layouts/application (12.5ms)
Completed 200 OK in 279ms (Views: 276.4ms | ActiveRecord: 0.0ms)


Started GET "/" for 127.0.0.1 at 2019-02-11 15:26:32 +0900
Processing by MessagesController#index as HTML
  Rendering messages/index.html.haml within layouts/application
  Rendered messages/_left-group.html.haml (1.4ms)
  Rendered messages/_chat_content.html.haml (1.6ms)
  Rendered messages/index.html.haml within layouts/application (10.7ms)
Completed 200 OK in 267ms (Views: 263.9ms | ActiveRecord: 0.0ms)


Started GET "/" for 127.0.0.1 at 2019-02-11 15:26:33 +0900
Processing by MessagesController#index as HTML
  Rendering messages/index.html.haml within layouts/application
  Rendered messages/_left-group.html.haml (1.3ms)
  Rendered messages/_chat_content.html.haml (1.7ms)
  Rendered messages/index.html.haml within layouts/application (11.6ms)
Completed 200 OK in 38ms (Views: 35.6ms | ActiveRecord: 0.0ms)


Started GET "/" for 127.0.0.1 at 2019-02-11 15:26:34 +0900
Processing by MessagesController#index as HTML
  Rendering messages/index.html.haml within layouts/application
  Rendered messages/_left-group.html.haml (1.2ms)
  Rendered messages/_chat_content.html.haml (2.4ms)
  Rendered messages/index.html.haml within layouts/application (11.4ms)
Completed 200 OK in 35ms (Views: 32.5ms | ActiveRecord: 0.0ms)


Started GET "/" for 127.0.0.1 at 2019-02-11 15:26:35 +0900
Processing by MessagesController#index as HTML
  Rendering messages/index.html.haml within layouts/application
  Rendered messages/_left-group.html.haml (1.4ms)
  Rendered messages/_chat_content.html.haml (1.5ms)
  Rendered messages/index.html.haml within layouts/application (11.2ms)
Completed 200 OK in 34ms (Views: 32.0ms | ActiveRecord: 0.0ms)


Started GET "/" for 127.0.0.1 at 2019-02-11 15:26:56 +0900
Processing by MessagesController#index as HTML
  Rendering messages/index.html.haml within layouts/application
  Rendered messages/_left-group.html.haml (1.6ms)
  Rendered messages/_chat_content.html.haml (2.8ms)
  Rendered messages/index.html.haml within layouts/application (14.1ms)
Completed 200 OK in 35ms (Views: 33.2ms | ActiveRecord: 0.0ms)


Started GET "/" for 127.0.0.1 at 2019-02-11 15:30:00 +0900
Processing by MessagesController#index as HTML
  Rendering messages/index.html.haml within layouts/application
  Rendered messages/_left-group.html.haml (1.8ms)
  Rendered messages/_chat_content.html.haml (2.2ms)
  Rendered messages/index.html.haml within layouts/application (14.5ms)
Completed 200 OK in 304ms (Views: 301.5ms | ActiveRecord: 0.0ms)


Started GET "/" for 127.0.0.1 at 2019-02-11 15:30:21 +0900
Processing by MessagesController#index as HTML
  Rendering messages/index.html.haml within layouts/application
  Rendered messages/_left-group.html.haml (1.5ms)
  Rendered messages/_chat_content.html.haml (1.4ms)
  Rendered messages/index.html.haml within layouts/application (11.6ms)
Completed 200 OK in 271ms (Views: 269.4ms | ActiveRecord: 0.0ms)


Started GET "/" for 127.0.0.1 at 2019-02-11 15:30:44 +0900
Processing by MessagesController#index as HTML
  Rendering messages/index.html.haml within layouts/application
  Rendered messages/_left-group.html.haml (1.7ms)
  Rendered messages/_chat_content.html.haml (1.7ms)
  Rendered messages/index.html.haml within layouts/application (11.6ms)
Completed 200 OK in 273ms (Views: 271.0ms | ActiveRecord: 0.0ms)


Started GET "/" for 127.0.0.1 at 2019-02-11 15:30:49 +0900
Processing by MessagesController#index as HTML
  Rendering messages/index.html.haml within layouts/application
  Rendered messages/_left-group.html.haml (1.9ms)
  Rendered messages/_chat_content.html.haml (1.8ms)
  Rendered messages/index.html.haml within layouts/application (14.0ms)
Completed 200 OK in 40ms (Views: 37.4ms | ActiveRecord: 0.0ms)


Started GET "/" for 127.0.0.1 at 2019-02-11 15:31:17 +0900
Processing by MessagesController#index as HTML
  Rendering messages/index.html.haml within layouts/application
  Rendered messages/_left-group.html.haml (2.2ms)
  Rendered messages/_chat_content.html.haml (1.9ms)
  Rendered messages/index.html.haml within layouts/application (12.9ms)
Completed 200 OK in 35ms (Views: 32.0ms | ActiveRecord: 0.0ms)


Started GET "/" for 127.0.0.1 at 2019-02-11 15:32:01 +0900
Processing by MessagesController#index as HTML
  Rendering messages/index.html.haml within layouts/application
  Rendered messages/_left-group.html.haml (1.2ms)
  Rendered messages/_chat_content.html.haml (1.4ms)
  Rendered messages/index.html.haml within layouts/application (10.4ms)
Completed 200 OK in 274ms (Views: 271.1ms | ActiveRecord: 0.0ms)


